Using pre-set license
Built from '2020.3/staging' branch; Version is '2020.3.0f1 (c7b5465681fb) revision 13088070'; Using compiler version '192528614'; Build Type 'Release'
OS: 'Windows 10 Home; OS build 19043.1348; Version 2009; 64bit' Language: 'en' Physical Memory: 8013 MB
BatchMode: 1, IsHumanControllingUs: 0, StartBugReporterOnCrash: 0, Is64bit: 1, IsPro: 0

 COMMAND LINE ARGUMENTS:
C:\Program Files\Unity\Hub\Editor\2020.3.0f1\Editor\Unity.exe
-adb2
-batchMode
-noUpm
-name
AssetImportWorker0
-projectPath
C:/Users/JUNIT/Documents/GitHub/3d-beginner/3D beginner Project
-logFile
Logs/AssetImportWorker0.log
-srvPort
61097
Successfully changed project path to: C:/Users/JUNIT/Documents/GitHub/3d-beginner/3D beginner Project
C:/Users/JUNIT/Documents/GitHub/3d-beginner/3D beginner Project
Using Asset Import Pipeline V2.
Refreshing native plugins compatible for Editor in 63.75 ms, found 0 plugins.
Preloading 0 native plugins for Editor in 0.00 ms.
Initialize engine version: 2020.3.0f1 (c7b5465681fb)
[Subsystems] Discovering subsystems at path C:/Program Files/Unity/Hub/Editor/2020.3.0f1/Editor/Data/Resources/UnitySubsystems
[Subsystems] Discovering subsystems at path C:/Users/JUNIT/Documents/GitHub/3d-beginner/3D beginner Project/Assets
GfxDevice: creating device client; threaded=0
Direct3D:
    Version:  Direct3D 11.0 [level 11.1]
    Renderer: Intel(R) UHD Graphics 620 (ID=0x3ea0)
    Vendor:   
    VRAM:     4006 MB
    Driver:   27.20.100.8984
Initialize mono
Mono path[0] = 'C:/Program Files/Unity/Hub/Editor/2020.3.0f1/Editor/Data/Managed'
Mono path[1] = 'C:/Program Files/Unity/Hub/Editor/2020.3.0f1/Editor/Data/MonoBleedingEdge/lib/mono/unityjit'
Mono config path = 'C:/Program Files/Unity/Hub/Editor/2020.3.0f1/Editor/Data/MonoBleedingEdge/etc'
Using monoOptions --debugger-agent=transport=dt_socket,embedding=1,server=y,suspend=n,address=127.0.0.1:56048
Begin MonoManager ReloadAssembly
Registering precompiled unity dll's ...
Register platform support module: C:/Program Files/Unity/Hub/Editor/2020.3.0f1/Editor/Data/PlaybackEngines/WebGLSupport/UnityEditor.WebGL.Extensions.dll
Register platform support module: C:/Program Files/Unity/Hub/Editor/2020.3.0f1/Editor/Data/PlaybackEngines/WindowsStandaloneSupport/UnityEditor.WindowsStandalone.Extensions.dll
Register platform support module: C:/Program Files/Unity/Hub/Editor/2020.3.0f1/Editor/Data/PlaybackEngines/LinuxStandaloneSupport/UnityEditor.LinuxStandalone.Extensions.dll
Registered in 0.010311 seconds.
Native extension for LinuxStandalone target not found
Native extension for WindowsStandalone target not found
Native extension for WebGL target not found
Refreshing native plugins compatible for Editor in 63.50 ms, found 0 plugins.
Preloading 0 native plugins for Editor in 0.00 ms.
Invoked RoslynAnalysisRunner static constructor.
RoslynAnalysisRunner will not be running.
RoslynAnalysisRunner has terminated.
Mono: successfully reloaded assembly
- Completed reload, in  4.570 seconds
Platform modules already initialized, skipping
Registering precompiled user dll's ...
Registered in 0.009690 seconds.
Begin MonoManager ReloadAssembly
Native extension for LinuxStandalone target not found
Native extension for WindowsStandalone target not found
Native extension for WebGL target not found
Refreshing native plugins compatible for Editor in 0.61 ms, found 0 plugins.
Preloading 0 native plugins for Editor in 0.00 ms.
Invoked RoslynAnalysisRunner static constructor.
RoslynAnalysisRunner will not be running.
RoslynAnalysisRunner has terminated.
Mono: successfully reloaded assembly
- Completed reload, in  1.385 seconds
Platform modules already initialized, skipping
========================================================================
Worker process is ready to serve import requests
Launched and connected shader compiler UnityShaderCompiler.exe after 0.10 seconds
Refreshing native plugins compatible for Editor in 0.88 ms, found 0 plugins.
Preloading 0 native plugins for Editor in 0.00 ms.
Unloading 1624 Unused Serialized files (Serialized files now loaded: 0)
System memory in use before: 149.5 MB.
System memory in use after: 149.6 MB.

Unloading 36 unused Assets to reduce memory usage. Loaded Objects now: 2060.
Total: 8.538200 ms (FindLiveObjects: 0.524000 ms CreateObjectMapping: 0.193600 ms MarkObjects: 7.603500 ms  DeleteObjects: 0.214200 ms)

========================================================================
Received Import Request.
  path: Assets/Models
  artifactKey: Guid(5c22133398df5aa4eba6d956857390aa) Importer(815301076,1909f56bfc062723c751e8b465ee728b)
Start importing Assets/Models using Guid(5c22133398df5aa4eba6d956857390aa) Importer(815301076,1909f56bfc062723c751e8b465ee728b)  -> (artifact id: '5f60f67a841ea6a5efb149466c5e39f3') in 0.023401 seconds
  Import took 0.029705 seconds .

========================================================================
Received Import Request.
  Time since last request: 133.845472 seconds.
  path: Assets/Scenes
  artifactKey: Guid(4af57980106ece94eb397892cde5be21) Importer(815301076,1909f56bfc062723c751e8b465ee728b)
Start importing Assets/Scenes using Guid(4af57980106ece94eb397892cde5be21) Importer(815301076,1909f56bfc062723c751e8b465ee728b)  -> (artifact id: '464a9dd30ee1a6eda3156c7597a40cc8') in 0.015658 seconds
  Import took 0.024833 seconds .

========================================================================
Received Prepare
Registering precompiled user dll's ...
Registered in 0.008961 seconds.
Begin MonoManager ReloadAssembly
Native extension for LinuxStandalone target not found
Native extension for WindowsStandalone target not found
Native extension for WebGL target not found
Refreshing native plugins compatible for Editor in 0.48 ms, found 0 plugins.
Preloading 0 native plugins for Editor in 0.00 ms.
Invoked RoslynAnalysisRunner static constructor.
RoslynAnalysisRunner will not be running.
RoslynAnalysisRunner has terminated.
Mono: successfully reloaded assembly
- Completed reload, in  1.053 seconds
Platform modules already initialized, skipping
Refreshing native plugins compatible for Editor in 0.55 ms, found 0 plugins.
Preloading 0 native plugins for Editor in 0.00 ms.
Unloading 1586 Unused Serialized files (Serialized files now loaded: 0)
System memory in use before: 147.1 MB.
System memory in use after: 147.1 MB.

Unloading 27 unused Assets to reduce memory usage. Loaded Objects now: 2063.
Total: 6.841900 ms (FindLiveObjects: 0.934100 ms CreateObjectMapping: 0.307400 ms MarkObjects: 5.455700 ms  DeleteObjects: 0.141800 ms)

========================================================================
Received Import Request.
  Time since last request: 518.268046 seconds.
  path: Assets/Textures/UI/Caught.png
  artifactKey: Guid(85d46c7add1129741a0d78fadba6998e) Importer(815301076,1909f56bfc062723c751e8b465ee728b)
Start importing Assets/Textures/UI/Caught.png using Guid(85d46c7add1129741a0d78fadba6998e) Importer(815301076,1909f56bfc062723c751e8b465ee728b)  -> (artifact id: '6d0929c7b6c36fb0a940fb053a47eebd') in 0.292222 seconds
  Import took 0.298956 seconds .

========================================================================
Received Import Request.
  Time since last request: 0.000358 seconds.
  path: Assets/Textures/VFX/DustMote.png
  artifactKey: Guid(394e93ce356b57344903a08ff72fcab2) Importer(815301076,1909f56bfc062723c751e8b465ee728b)
Start importing Assets/Textures/VFX/DustMote.png using Guid(394e93ce356b57344903a08ff72fcab2) Importer(815301076,1909f56bfc062723c751e8b465ee728b)  -> (artifact id: '3342797fab54e04be9a5a5fa306d28cb') in 0.039489 seconds
  Import took 0.045929 seconds .

========================================================================
Received Import Request.
  Time since last request: 0.000611 seconds.
  path: Assets/Textures/UI/Won.png
  artifactKey: Guid(623a7345ca6d38f4280b86c32ffe7c15) Importer(815301076,1909f56bfc062723c751e8b465ee728b)
Start importing Assets/Textures/UI/Won.png using Guid(623a7345ca6d38f4280b86c32ffe7c15) Importer(815301076,1909f56bfc062723c751e8b465ee728b)  -> (artifact id: '7a4668dfdc9da8b4203ae7cac0348577') in 0.089577 seconds
  Import took 0.098295 seconds .

========================================================================
Received Import Request.
  Time since last request: 0.000569 seconds.
  path: Assets/Textures/VFX/DustMote.png
  artifactKey: Guid(394e93ce356b57344903a08ff72fcab2) Importer(815301076,1909f56bfc062723c751e8b465ee728b)
Start importing Assets/Textures/VFX/DustMote.png using Guid(394e93ce356b57344903a08ff72fcab2) Importer(815301076,1909f56bfc062723c751e8b465ee728b)  -> (artifact id: '3342797fab54e04be9a5a5fa306d28cb') in 0.025610 seconds
  Import took 0.032481 seconds .

========================================================================
Received Import Request.
  Time since last request: 0.000274 seconds.
  path: Assets/Textures/UI/Won.png
  artifactKey: Guid(623a7345ca6d38f4280b86c32ffe7c15) Importer(815301076,1909f56bfc062723c751e8b465ee728b)
Start importing Assets/Textures/UI/Won.png using Guid(623a7345ca6d38f4280b86c32ffe7c15) Importer(815301076,1909f56bfc062723c751e8b465ee728b)  -> (artifact id: '7a4668dfdc9da8b4203ae7cac0348577') in 0.048155 seconds
  Import took 0.052599 seconds .

========================================================================
Received Import Request.
  Time since last request: 0.000206 seconds.
  path: Assets/Textures/UI/Caught.png
  artifactKey: Guid(85d46c7add1129741a0d78fadba6998e) Importer(815301076,1909f56bfc062723c751e8b465ee728b)
Start importing Assets/Textures/UI/Caught.png using Guid(85d46c7add1129741a0d78fadba6998e) Importer(815301076,1909f56bfc062723c751e8b465ee728b)  -> (artifact id: '6d0929c7b6c36fb0a940fb053a47eebd') in 0.053741 seconds
  Import took 0.058959 seconds .

========================================================================
Received Import Request.
  Time since last request: 1526.630616 seconds.
  path: Assets/Scripts/GameEnding.cs
  artifactKey: Guid(118828aeaa0b4c246b80280352e8d946) Importer(815301076,1909f56bfc062723c751e8b465ee728b)
Start importing Assets/Scripts/GameEnding.cs using Guid(118828aeaa0b4c246b80280352e8d946) Importer(815301076,1909f56bfc062723c751e8b465ee728b)  -> (artifact id: '51c148ebb499fbe06098f854b878ecee') in 0.294252 seconds
  Import took 0.304235 seconds .

========================================================================
Received Prepare
Registering precompiled user dll's ...
Registered in 0.012577 seconds.
Begin MonoManager ReloadAssembly
Native extension for LinuxStandalone target not found
Native extension for WindowsStandalone target not found
Native extension for WebGL target not found
Refreshing native plugins compatible for Editor in 1.44 ms, found 0 plugins.
Preloading 0 native plugins for Editor in 0.00 ms.
Invoked RoslynAnalysisRunner static constructor.
RoslynAnalysisRunner will not be running.
RoslynAnalysisRunner has terminated.
Mono: successfully reloaded assembly
- Completed reload, in  2.833 seconds
Platform modules already initialized, skipping
Refreshing native plugins compatible for Editor in 2.06 ms, found 0 plugins.
Preloading 0 native plugins for Editor in 0.00 ms.
Unloading 1587 Unused Serialized files (Serialized files now loaded: 0)
System memory in use before: 150.2 MB.
System memory in use after: 150.3 MB.

Unloading 27 unused Assets to reduce memory usage. Loaded Objects now: 2073.
Total: 5.717700 ms (FindLiveObjects: 0.505200 ms CreateObjectMapping: 0.202700 ms MarkObjects: 4.808600 ms  DeleteObjects: 0.198400 ms)

========================================================================
Received Prepare
Registering precompiled user dll's ...
Registered in 0.007733 seconds.
Begin MonoManager ReloadAssembly
Native extension for LinuxStandalone target not found
Native extension for WindowsStandalone target not found
Native extension for WebGL target not found
Refreshing native plugins compatible for Editor in 0.66 ms, found 0 plugins.
Preloading 0 native plugins for Editor in 0.00 ms.
Invoked RoslynAnalysisRunner static constructor.
RoslynAnalysisRunner will not be running.
RoslynAnalysisRunner has terminated.
Mono: successfully reloaded assembly
- Completed reload, in  3.231 seconds
Platform modules already initialized, skipping
Refreshing native plugins compatible for Editor in 0.80 ms, found 0 plugins.
Preloading 0 native plugins for Editor in 0.00 ms.
Unloading 1587 Unused Serialized files (Serialized files now loaded: 0)
System memory in use before: 150.2 MB.
System memory in use after: 150.3 MB.

Unloading 27 unused Assets to reduce memory usage. Loaded Objects now: 2076.
Total: 6.081000 ms (FindLiveObjects: 0.339700 ms CreateObjectMapping: 0.136300 ms MarkObjects: 5.277000 ms  DeleteObjects: 0.324400 ms)

========================================================================
Received Import Request.
  Time since last request: 644.792675 seconds.
  path: Assets/Scripts/GameEnding.cs
  artifactKey: Guid(118828aeaa0b4c246b80280352e8d946) Importer(815301076,1909f56bfc062723c751e8b465ee728b)
Start importing Assets/Scripts/GameEnding.cs using Guid(118828aeaa0b4c246b80280352e8d946) Importer(815301076,1909f56bfc062723c751e8b465ee728b)  -> (artifact id: '8ebddb3a56c37c02de73acd605129a23') in 0.014789 seconds
  Import took 0.022989 seconds .

========================================================================
Received Import Request.
  Time since last request: 377.552633 seconds.
  path: Assets/Prefabs/Gargoyle.prefab
  artifactKey: Guid(f7af6194e57752e4587303315564f34a) Importer(815301076,1909f56bfc062723c751e8b465ee728b)
Start importing Assets/Prefabs/Gargoyle.prefab using Guid(f7af6194e57752e4587303315564f34a) Importer(815301076,1909f56bfc062723c751e8b465ee728b)  -> (artifact id: '025cbd24c9b050c0bb860403a1f6083f') in 0.598872 seconds
  Import took 0.607317 seconds .

========================================================================
Received Import Request.
  Time since last request: 277.724171 seconds.
  path: Assets/Animation/Animators/Gargoyle.controller
  artifactKey: Guid(f042e32eac4bea64c9d561e12d08c3c4) Importer(815301076,1909f56bfc062723c751e8b465ee728b)
Start importing Assets/Animation/Animators/Gargoyle.controller using Guid(f042e32eac4bea64c9d561e12d08c3c4) Importer(815301076,1909f56bfc062723c751e8b465ee728b)  -> (artifact id: '032354240c343d6a79b79f78300bcf8e') in 0.020691 seconds
  Import took 0.026502 seconds .

========================================================================
Received Import Request.
  Time since last request: 950.958855 seconds.
  path: Assets/Scripts/Observer.cs
  artifactKey: Guid(57862531ba5877d4aa99b23b843c869d) Importer(815301076,1909f56bfc062723c751e8b465ee728b)
Start importing Assets/Scripts/Observer.cs using Guid(57862531ba5877d4aa99b23b843c869d) Importer(815301076,1909f56bfc062723c751e8b465ee728b)  -> (artifact id: '0feee14b77ee4ab4c78ae55c76b4a120') in 0.018839 seconds
  Import took 0.028030 seconds .

========================================================================
Received Prepare
Registering precompiled user dll's ...
Registered in 0.007406 seconds.
Begin MonoManager ReloadAssembly
Native extension for LinuxStandalone target not found
Native extension for WindowsStandalone target not found
Native extension for WebGL target not found
Refreshing native plugins compatible for Editor in 0.45 ms, found 0 plugins.
Preloading 0 native plugins for Editor in 0.00 ms.
Invoked RoslynAnalysisRunner static constructor.
RoslynAnalysisRunner will not be running.
RoslynAnalysisRunner has terminated.
Mono: successfully reloaded assembly
- Completed reload, in  0.952 seconds
Platform modules already initialized, skipping
Refreshing native plugins compatible for Editor in 0.75 ms, found 0 plugins.
Preloading 0 native plugins for Editor in 0.00 ms.
Unloading 1588 Unused Serialized files (Serialized files now loaded: 0)
System memory in use before: 150.3 MB.
System memory in use after: 150.4 MB.

Unloading 27 unused Assets to reduce memory usage. Loaded Objects now: 2084.
Total: 4.044900 ms (FindLiveObjects: 0.437200 ms CreateObjectMapping: 0.112900 ms MarkObjects: 3.348200 ms  DeleteObjects: 0.144700 ms)

========================================================================
Received Import Request.
  Time since last request: 361.676390 seconds.
  path: Assets/Scripts/Observer.cs
  artifactKey: Guid(57862531ba5877d4aa99b23b843c869d) Importer(815301076,1909f56bfc062723c751e8b465ee728b)
Start importing Assets/Scripts/Observer.cs using Guid(57862531ba5877d4aa99b23b843c869d) Importer(815301076,1909f56bfc062723c751e8b465ee728b)  -> (artifact id: 'e9d529a26d50d515c59cd37124b7e897') in 0.014722 seconds
  Import took 0.023532 seconds .

========================================================================
Received Import Request.
  Time since last request: 0.015989 seconds.
  path: Assets/Scripts/Observer.cs
  artifactKey: Guid(57862531ba5877d4aa99b23b843c869d) Importer(815301076,1909f56bfc062723c751e8b465ee728b)
Start importing Assets/Scripts/Observer.cs using Guid(57862531ba5877d4aa99b23b843c869d) Importer(815301076,1909f56bfc062723c751e8b465ee728b)  -> (artifact id: 'e9d529a26d50d515c59cd37124b7e897') in 0.019620 seconds
  Import took 0.024356 seconds .

========================================================================
Received Prepare
Registering precompiled user dll's ...
Registered in 0.007439 seconds.
Begin MonoManager ReloadAssembly
Native extension for LinuxStandalone target not found
Native extension for WindowsStandalone target not found
Native extension for WebGL target not found
Refreshing native plugins compatible for Editor in 0.47 ms, found 0 plugins.
Preloading 0 native plugins for Editor in 0.00 ms.
Invoked RoslynAnalysisRunner static constructor.
RoslynAnalysisRunner will not be running.
RoslynAnalysisRunner has terminated.
Mono: successfully reloaded assembly
- Completed reload, in  1.064 seconds
Platform modules already initialized, skipping
Refreshing native plugins compatible for Editor in 0.46 ms, found 0 plugins.
Preloading 0 native plugins for Editor in 0.00 ms.
Unloading 1588 Unused Serialized files (Serialized files now loaded: 0)
System memory in use before: 150.4 MB.
System memory in use after: 150.4 MB.

Unloading 27 unused Assets to reduce memory usage. Loaded Objects now: 2087.
Total: 2.088700 ms (FindLiveObjects: 0.170700 ms CreateObjectMapping: 0.056200 ms MarkObjects: 1.749900 ms  DeleteObjects: 0.110600 ms)

========================================================================
Received Import Request.
  Time since last request: 133.325905 seconds.
  path: Assets/Scripts/Observer.cs
  artifactKey: Guid(57862531ba5877d4aa99b23b843c869d) Importer(815301076,1909f56bfc062723c751e8b465ee728b)
Start importing Assets/Scripts/Observer.cs using Guid(57862531ba5877d4aa99b23b843c869d) Importer(815301076,1909f56bfc062723c751e8b465ee728b)  -> (artifact id: '6e1b4db002ecb3aaede4faa087312a8c') in 0.011879 seconds
  Import took 0.015740 seconds .

========================================================================
Received Prepare
Registering precompiled user dll's ...
Registered in 0.004854 seconds.
Begin MonoManager ReloadAssembly
Native extension for LinuxStandalone target not found
Native extension for WindowsStandalone target not found
Native extension for WebGL target not found
Refreshing native plugins compatible for Editor in 0.72 ms, found 0 plugins.
Preloading 0 native plugins for Editor in 0.00 ms.
Invoked RoslynAnalysisRunner static constructor.
RoslynAnalysisRunner will not be running.
RoslynAnalysisRunner has terminated.
Mono: successfully reloaded assembly
- Completed reload, in  1.197 seconds
Platform modules already initialized, skipping
Refreshing native plugins compatible for Editor in 1.88 ms, found 0 plugins.
Preloading 0 native plugins for Editor in 0.00 ms.
Unloading 1588 Unused Serialized files (Serialized files now loaded: 0)
System memory in use before: 150.3 MB.
System memory in use after: 150.4 MB.

Unloading 27 unused Assets to reduce memory usage. Loaded Objects now: 2090.
Total: 2.527900 ms (FindLiveObjects: 0.225000 ms CreateObjectMapping: 0.076700 ms MarkObjects: 2.125700 ms  DeleteObjects: 0.098800 ms)

========================================================================
Received Import Request.
  Time since last request: 48.195727 seconds.
  path: Assets/Scripts/GameEnding.cs
  artifactKey: Guid(118828aeaa0b4c246b80280352e8d946) Importer(815301076,1909f56bfc062723c751e8b465ee728b)
Start importing Assets/Scripts/GameEnding.cs using Guid(118828aeaa0b4c246b80280352e8d946) Importer(815301076,1909f56bfc062723c751e8b465ee728b)  -> (artifact id: '5f6cd31ac30f9cfe8fc71cb19dc2a109') in 0.009370 seconds
  Import took 0.013039 seconds .

========================================================================
Received Prepare
Registering precompiled user dll's ...
Registered in 0.004971 seconds.
Begin MonoManager ReloadAssembly
Native extension for LinuxStandalone target not found
Native extension for WindowsStandalone target not found
Native extension for WebGL target not found
Refreshing native plugins compatible for Editor in 0.44 ms, found 0 plugins.
Preloading 0 native plugins for Editor in 0.00 ms.
Invoked RoslynAnalysisRunner static constructor.
RoslynAnalysisRunner will not be running.
RoslynAnalysisRunner has terminated.
Mono: successfully reloaded assembly
- Completed reload, in  1.018 seconds
Platform modules already initialized, skipping
Refreshing native plugins compatible for Editor in 0.52 ms, found 0 plugins.
Preloading 0 native plugins for Editor in 0.00 ms.
Unloading 1588 Unused Serialized files (Serialized files now loaded: 0)
System memory in use before: 150.4 MB.
System memory in use after: 150.5 MB.

Unloading 27 unused Assets to reduce memory usage. Loaded Objects now: 2093.
Total: 2.122200 ms (FindLiveObjects: 0.242400 ms CreateObjectMapping: 0.056900 ms MarkObjects: 1.720900 ms  DeleteObjects: 0.100700 ms)

========================================================================
Received Prepare
Registering precompiled user dll's ...
Registered in 0.004745 seconds.
Begin MonoManager ReloadAssembly
Native extension for LinuxStandalone target not found
Native extension for WindowsStandalone target not found
Native extension for WebGL target not found
Refreshing native plugins compatible for Editor in 0.46 ms, found 0 plugins.
Preloading 0 native plugins for Editor in 0.00 ms.
Invoked RoslynAnalysisRunner static constructor.
RoslynAnalysisRunner will not be running.
RoslynAnalysisRunner has terminated.
Mono: successfully reloaded assembly
- Completed reload, in  1.078 seconds
Platform modules already initialized, skipping
Refreshing native plugins compatible for Editor in 0.48 ms, found 0 plugins.
Preloading 0 native plugins for Editor in 0.00 ms.
Unloading 1588 Unused Serialized files (Serialized files now loaded: 0)
System memory in use before: 150.4 MB.
System memory in use after: 150.5 MB.

Unloading 27 unused Assets to reduce memory usage. Loaded Objects now: 2096.
Total: 2.546300 ms (FindLiveObjects: 0.206600 ms CreateObjectMapping: 0.083500 ms MarkObjects: 2.133200 ms  DeleteObjects: 0.121700 ms)

========================================================================
Received Import Request.
  Time since last request: 367.036259 seconds.
  path: Assets/Scripts/Observer.cs
  artifactKey: Guid(57862531ba5877d4aa99b23b843c869d) Importer(815301076,1909f56bfc062723c751e8b465ee728b)
Start importing Assets/Scripts/Observer.cs using Guid(57862531ba5877d4aa99b23b843c869d) Importer(815301076,1909f56bfc062723c751e8b465ee728b)  -> (artifact id: 'fb2ee8f9c4cbb3ea32d7bbf0abaf689f') in 0.014098 seconds
  Import took 0.022027 seconds .

========================================================================
Received Prepare
Registering precompiled user dll's ...
Registered in 0.005526 seconds.
Begin MonoManager ReloadAssembly
Native extension for LinuxStandalone target not found
Native extension for WindowsStandalone target not found
Native extension for WebGL target not found
Refreshing native plugins compatible for Editor in 0.54 ms, found 0 plugins.
Preloading 0 native plugins for Editor in 0.00 ms.
Invoked RoslynAnalysisRunner static constructor.
RoslynAnalysisRunner will not be running.
RoslynAnalysisRunner has terminated.
Mono: successfully reloaded assembly
- Completed reload, in  0.953 seconds
Platform modules already initialized, skipping
Refreshing native plugins compatible for Editor in 0.61 ms, found 0 plugins.
Preloading 0 native plugins for Editor in 0.00 ms.
Unloading 1588 Unused Serialized files (Serialized files now loaded: 0)
System memory in use before: 150.3 MB.
System memory in use after: 150.4 MB.

Unloading 27 unused Assets to reduce memory usage. Loaded Objects now: 2099.
Total: 2.876600 ms (FindLiveObjects: 0.213500 ms CreateObjectMapping: 0.080100 ms MarkObjects: 2.441100 ms  DeleteObjects: 0.140100 ms)

========================================================================
Received Prepare
Registering precompiled user dll's ...
Registered in 0.005173 seconds.
Begin MonoManager ReloadAssembly
Native extension for LinuxStandalone target not found
Native extension for WindowsStandalone target not found
Native extension for WebGL target not found
Refreshing native plugins compatible for Editor in 0.47 ms, found 0 plugins.
Preloading 0 native plugins for Editor in 0.00 ms.
Invoked RoslynAnalysisRunner static constructor.
RoslynAnalysisRunner will not be running.
RoslynAnalysisRunner has terminated.
Mono: successfully reloaded assembly
- Completed reload, in  0.997 seconds
Platform modules already initialized, skipping
Refreshing native plugins compatible for Editor in 0.47 ms, found 0 plugins.
Preloading 0 native plugins for Editor in 0.00 ms.
Unloading 1588 Unused Serialized files (Serialized files now loaded: 0)
System memory in use before: 150.4 MB.
System memory in use after: 150.5 MB.

Unloading 27 unused Assets to reduce memory usage. Loaded Objects now: 2102.
Total: 2.634900 ms (FindLiveObjects: 0.265800 ms CreateObjectMapping: 0.085500 ms MarkObjects: 2.208000 ms  DeleteObjects: 0.074200 ms)

========================================================================
Received Prepare
Registering precompiled user dll's ...
Registered in 0.005479 seconds.
Begin MonoManager ReloadAssembly
Native extension for LinuxStandalone target not found
Native extension for WindowsStandalone target not found
Native extension for WebGL target not found
Refreshing native plugins compatible for Editor in 0.61 ms, found 0 plugins.
Preloading 0 native plugins for Editor in 0.00 ms.
Invoked RoslynAnalysisRunner static constructor.
RoslynAnalysisRunner will not be running.
RoslynAnalysisRunner has terminated.
Mono: successfully reloaded assembly
- Completed reload, in  1.006 seconds
Platform modules already initialized, skipping
Refreshing native plugins compatible for Editor in 0.58 ms, found 0 plugins.
Preloading 0 native plugins for Editor in 0.00 ms.
Unloading 1588 Unused Serialized files (Serialized files now loaded: 0)
System memory in use before: 150.4 MB.
System memory in use after: 150.5 MB.

Unloading 27 unused Assets to reduce memory usage. Loaded Objects now: 2105.
Total: 5.042700 ms (FindLiveObjects: 0.382500 ms CreateObjectMapping: 0.146500 ms MarkObjects: 4.384400 ms  DeleteObjects: 0.126200 ms)

========================================================================
Received Prepare
Registering precompiled user dll's ...
Registered in 0.004118 seconds.
Begin MonoManager ReloadAssembly
Native extension for LinuxStandalone target not found
Native extension for WindowsStandalone target not found
Native extension for WebGL target not found
Refreshing native plugins compatible for Editor in 0.90 ms, found 0 plugins.
Preloading 0 native plugins for Editor in 0.00 ms.
Invoked RoslynAnalysisRunner static constructor.
RoslynAnalysisRunner will not be running.
RoslynAnalysisRunner has terminated.
Mono: successfully reloaded assembly
- Completed reload, in  3.002 seconds
Platform modules already initialized, skipping
Refreshing native plugins compatible for Editor in 0.53 ms, found 0 plugins.
Preloading 0 native plugins for Editor in 0.00 ms.
Unloading 1588 Unused Serialized files (Serialized files now loaded: 0)
System memory in use before: 150.4 MB.
System memory in use after: 150.5 MB.

Unloading 27 unused Assets to reduce memory usage. Loaded Objects now: 2108.
Total: 6.488600 ms (FindLiveObjects: 0.766200 ms CreateObjectMapping: 0.379400 ms MarkObjects: 5.231300 ms  DeleteObjects: 0.109300 ms)

